[1.335s] Invoking command in '/media/a-qassem/01DBC69DA6BBEB20/FCIS/ROB/task-for-everyone/Robotics-task/my_robot_ws/build/my_car_bot': DEBUGINFOD_URLS=https://debuginfod.ubuntu.com PYTHONPATH=/media/a-qassem/01DBC69DA6BBEB20/FCIS/ROB/task-for-everyone/Robotics-task/my_robot_ws/build/my_car_bot/prefix_override:/usr/lib/python3/dist-packages/colcon_core/task/python/colcon_distutils_commands:/media/a-qassem/01DBC69DA6BBEB20/FCIS/ROB/task-for-everyone/Robotics-task/my_robot_ws/install/my_car_bot/lib/python3.12/site-packages:${PYTHONPATH} /usr/bin/python3 -W ignore:setup.py install is deprecated -W ignore:easy_install command is deprecated setup.py develop --editable --build-directory /media/a-qassem/01DBC69DA6BBEB20/FCIS/ROB/task-for-everyone/Robotics-task/my_robot_ws/build/my_car_bot/build --no-deps symlink_data
[1.943s] running develop
[2.306s] running egg_info
[2.306s] creating my_car_bot.egg-info
[2.336s] writing my_car_bot.egg-info/PKG-INFO
[2.336s] writing dependency_links to my_car_bot.egg-info/dependency_links.txt
[2.340s] writing entry points to my_car_bot.egg-info/entry_points.txt
[2.340s] writing requirements to my_car_bot.egg-info/requires.txt
[2.341s] writing top-level names to my_car_bot.egg-info/top_level.txt
[2.341s] writing manifest file 'my_car_bot.egg-info/SOURCES.txt'
[2.408s] reading manifest file 'my_car_bot.egg-info/SOURCES.txt'
[2.415s] writing manifest file 'my_car_bot.egg-info/SOURCES.txt'
[2.442s] running build_ext
[2.443s] Creating /media/a-qassem/01DBC69DA6BBEB20/FCIS/ROB/task-for-everyone/Robotics-task/my_robot_ws/install/my_car_bot/lib/python3.12/site-packages/my-car-bot.egg-link (link to .)
[2.445s] Installing cmd_vel_relay script to /media/a-qassem/01DBC69DA6BBEB20/FCIS/ROB/task-for-everyone/Robotics-task/my_robot_ws/install/my_car_bot/lib/my_car_bot
[2.445s] 
[2.447s] Installed /media/a-qassem/01DBC69DA6BBEB20/FCIS/ROB/task-for-everyone/Robotics-task/my_robot_ws/build/my_car_bot
[2.447s] running symlink_data
[2.448s] creating /media/a-qassem/01DBC69DA6BBEB20/FCIS/ROB/task-for-everyone/Robotics-task/my_robot_ws/install/my_car_bot/share/ament_index
[2.449s] creating /media/a-qassem/01DBC69DA6BBEB20/FCIS/ROB/task-for-everyone/Robotics-task/my_robot_ws/install/my_car_bot/share/ament_index/resource_index
[2.449s] creating /media/a-qassem/01DBC69DA6BBEB20/FCIS/ROB/task-for-everyone/Robotics-task/my_robot_ws/install/my_car_bot/share/ament_index/resource_index/packages
[2.450s] symbolically linking /media/a-qassem/01DBC69DA6BBEB20/FCIS/ROB/task-for-everyone/Robotics-task/my_robot_ws/build/my_car_bot/resource/my_car_bot -> /media/a-qassem/01DBC69DA6BBEB20/FCIS/ROB/task-for-everyone/Robotics-task/my_robot_ws/install/my_car_bot/share/ament_index/resource_index/packages
[2.450s] symbolically linking /media/a-qassem/01DBC69DA6BBEB20/FCIS/ROB/task-for-everyone/Robotics-task/my_robot_ws/build/my_car_bot/package.xml -> /media/a-qassem/01DBC69DA6BBEB20/FCIS/ROB/task-for-everyone/Robotics-task/my_robot_ws/install/my_car_bot/share/my_car_bot
[2.451s] creating /media/a-qassem/01DBC69DA6BBEB20/FCIS/ROB/task-for-everyone/Robotics-task/my_robot_ws/install/my_car_bot/share/my_car_bot/launch
[2.451s] symbolically linking /media/a-qassem/01DBC69DA6BBEB20/FCIS/ROB/task-for-everyone/Robotics-task/my_robot_ws/build/my_car_bot/launch/mapping.launch.py -> /media/a-qassem/01DBC69DA6BBEB20/FCIS/ROB/task-for-everyone/Robotics-task/my_robot_ws/install/my_car_bot/share/my_car_bot/launch
[2.451s] symbolically linking /media/a-qassem/01DBC69DA6BBEB20/FCIS/ROB/task-for-everyone/Robotics-task/my_robot_ws/build/my_car_bot/launch/navigation.launch.py -> /media/a-qassem/01DBC69DA6BBEB20/FCIS/ROB/task-for-everyone/Robotics-task/my_robot_ws/install/my_car_bot/share/my_car_bot/launch
[2.451s] symbolically linking /media/a-qassem/01DBC69DA6BBEB20/FCIS/ROB/task-for-everyone/Robotics-task/my_robot_ws/build/my_car_bot/launch/sim.launch.py -> /media/a-qassem/01DBC69DA6BBEB20/FCIS/ROB/task-for-everyone/Robotics-task/my_robot_ws/install/my_car_bot/share/my_car_bot/launch
[2.451s] creating /media/a-qassem/01DBC69DA6BBEB20/FCIS/ROB/task-for-everyone/Robotics-task/my_robot_ws/install/my_car_bot/share/my_car_bot/urdf
[2.451s] symbolically linking /media/a-qassem/01DBC69DA6BBEB20/FCIS/ROB/task-for-everyone/Robotics-task/my_robot_ws/build/my_car_bot/urdf/robot.urdf.xacro -> /media/a-qassem/01DBC69DA6BBEB20/FCIS/ROB/task-for-everyone/Robotics-task/my_robot_ws/install/my_car_bot/share/my_car_bot/urdf
[2.451s] creating /media/a-qassem/01DBC69DA6BBEB20/FCIS/ROB/task-for-everyone/Robotics-task/my_robot_ws/install/my_car_bot/share/my_car_bot/worlds
[2.451s] symbolically linking /media/a-qassem/01DBC69DA6BBEB20/FCIS/ROB/task-for-everyone/Robotics-task/my_robot_ws/build/my_car_bot/worlds/maze_world.sdf -> /media/a-qassem/01DBC69DA6BBEB20/FCIS/ROB/task-for-everyone/Robotics-task/my_robot_ws/install/my_car_bot/share/my_car_bot/worlds
[2.451s] creating /media/a-qassem/01DBC69DA6BBEB20/FCIS/ROB/task-for-everyone/Robotics-task/my_robot_ws/install/my_car_bot/share/my_car_bot/config
[2.451s] symbolically linking /media/a-qassem/01DBC69DA6BBEB20/FCIS/ROB/task-for-everyone/Robotics-task/my_robot_ws/build/my_car_bot/config/mapper_params_online_async.yaml -> /media/a-qassem/01DBC69DA6BBEB20/FCIS/ROB/task-for-everyone/Robotics-task/my_robot_ws/install/my_car_bot/share/my_car_bot/config
[2.454s] symbolically linking /media/a-qassem/01DBC69DA6BBEB20/FCIS/ROB/task-for-everyone/Robotics-task/my_robot_ws/build/my_car_bot/config/nav2_params.yaml -> /media/a-qassem/01DBC69DA6BBEB20/FCIS/ROB/task-for-everyone/Robotics-task/my_robot_ws/install/my_car_bot/share/my_car_bot/config
[2.454s] creating /media/a-qassem/01DBC69DA6BBEB20/FCIS/ROB/task-for-everyone/Robotics-task/my_robot_ws/install/my_car_bot/share/my_car_bot/maps
[2.454s] symbolically linking /media/a-qassem/01DBC69DA6BBEB20/FCIS/ROB/task-for-everyone/Robotics-task/my_robot_ws/build/my_car_bot/maps/my_map.pgm -> /media/a-qassem/01DBC69DA6BBEB20/FCIS/ROB/task-for-everyone/Robotics-task/my_robot_ws/install/my_car_bot/share/my_car_bot/maps
[2.455s] symbolically linking /media/a-qassem/01DBC69DA6BBEB20/FCIS/ROB/task-for-everyone/Robotics-task/my_robot_ws/build/my_car_bot/maps/my_map.yaml -> /media/a-qassem/01DBC69DA6BBEB20/FCIS/ROB/task-for-everyone/Robotics-task/my_robot_ws/install/my_car_bot/share/my_car_bot/maps
[2.584s] Invoked command in '/media/a-qassem/01DBC69DA6BBEB20/FCIS/ROB/task-for-everyone/Robotics-task/my_robot_ws/build/my_car_bot' returned '0': DEBUGINFOD_URLS=https://debuginfod.ubuntu.com PYTHONPATH=/media/a-qassem/01DBC69DA6BBEB20/FCIS/ROB/task-for-everyone/Robotics-task/my_robot_ws/build/my_car_bot/prefix_override:/usr/lib/python3/dist-packages/colcon_core/task/python/colcon_distutils_commands:/media/a-qassem/01DBC69DA6BBEB20/FCIS/ROB/task-for-everyone/Robotics-task/my_robot_ws/install/my_car_bot/lib/python3.12/site-packages:${PYTHONPATH} /usr/bin/python3 -W ignore:setup.py install is deprecated -W ignore:easy_install command is deprecated setup.py develop --editable --build-directory /media/a-qassem/01DBC69DA6BBEB20/FCIS/ROB/task-for-everyone/Robotics-task/my_robot_ws/build/my_car_bot/build --no-deps symlink_data
