[0.193s] DEBUG:colcon:Command line arguments: ['/usr/bin/colcon', 'build', '--symlink-install']
[0.193s] DEBUG:colcon:Parsed command line arguments: Namespace(log_base=None, log_level=None, verb_name='build', build_base='build', install_base='install', merge_install=False, symlink_install=True, test_result_base=None, continue_on_error=False, executor='parallel', parallel_workers=4, event_handlers=None, ignore_user_meta=False, metas=['./colcon.meta'], base_paths=['.'], packages_ignore=None, packages_ignore_regex=None, paths=None, packages_up_to=None, packages_up_to_regex=None, packages_above=None, packages_above_and_dependencies=None, packages_above_depth=None, packages_select_by_dep=None, packages_skip_by_dep=None, packages_skip_up_to=None, packages_select_build_failed=False, packages_skip_build_finished=False, packages_select_test_failures=False, packages_skip_test_passed=False, packages_select=None, packages_skip=None, packages_select_regex=None, packages_skip_regex=None, packages_start=None, packages_end=None, allow_overriding=[], cmake_args=None, cmake_target=None, cmake_target_skip_unavailable=False, cmake_clean_cache=False, cmake_clean_first=False, cmake_force_configure=False, ament_cmake_args=None, catkin_cmake_args=None, catkin_skip_building_tests=False, mixin_files=None, mixin=None, verb_parser=<colcon_mixin.mixin.mixin_argument.MixinArgumentDecorator object at 0x7ebec868ec90>, verb_extension=<colcon_core.verb.build.BuildVerb object at 0x7ebec8638a40>, main=<bound method BuildVerb.main of <colcon_core.verb.build.BuildVerb object at 0x7ebec8638a40>>, mixin_verb=('build',))
[0.255s] Level 1:colcon.colcon_core.package_discovery:discover_packages(colcon_meta) check parameters
[0.255s] Level 1:colcon.colcon_core.package_discovery:discover_packages(recursive) check parameters
[0.255s] Level 1:colcon.colcon_core.package_discovery:discover_packages(ignore) check parameters
[0.255s] Level 1:colcon.colcon_core.package_discovery:discover_packages(path) check parameters
[0.255s] Level 1:colcon.colcon_core.package_discovery:discover_packages(colcon_meta) discover
[0.255s] Level 1:colcon.colcon_core.package_discovery:discover_packages(recursive) discover
[0.255s] INFO:colcon.colcon_core.package_discovery:Crawling recursively for packages in '/media/a-qassem/01DBC69DA6BBEB20/FCIS/ROB/Robotics-task/my_robot_ws'
[0.256s] Level 1:colcon.colcon_core.package_identification:_identify(.) by extensions ['ignore', 'ignore_ament_install']
[0.256s] Level 1:colcon.colcon_core.package_identification:_identify(.) by extension 'ignore'
[0.256s] Level 1:colcon.colcon_core.package_identification:_identify(.) by extension 'ignore_ament_install'
[0.256s] Level 1:colcon.colcon_core.package_identification:_identify(.) by extensions ['colcon_pkg']
[0.256s] Level 1:colcon.colcon_core.package_identification:_identify(.) by extension 'colcon_pkg'
[0.256s] Level 1:colcon.colcon_core.package_identification:_identify(.) by extensions ['colcon_meta']
[0.256s] Level 1:colcon.colcon_core.package_identification:_identify(.) by extension 'colcon_meta'
[0.256s] Level 1:colcon.colcon_core.package_identification:_identify(.) by extensions ['ros']
[0.256s] Level 1:colcon.colcon_core.package_identification:_identify(.) by extension 'ros'
[0.300s] Level 1:colcon.colcon_core.package_identification:_identify(.) by extensions ['cmake', 'python']
[0.300s] Level 1:colcon.colcon_core.package_identification:_identify(.) by extension 'cmake'
[0.300s] Level 1:colcon.colcon_core.package_identification:_identify(.) by extension 'python'
[0.300s] Level 1:colcon.colcon_core.package_identification:_identify(.) by extensions ['python_setup_py']
[0.300s] Level 1:colcon.colcon_core.package_identification:_identify(.) by extension 'python_setup_py'
[0.301s] Level 1:colcon.colcon_core.package_identification:_identify(build) by extensions ['ignore', 'ignore_ament_install']
[0.301s] Level 1:colcon.colcon_core.package_identification:_identify(build) by extension 'ignore'
[0.301s] Level 1:colcon.colcon_core.package_identification:_identify(build) ignored
[0.301s] Level 1:colcon.colcon_core.package_identification:_identify(install) by extensions ['ignore', 'ignore_ament_install']
[0.301s] Level 1:colcon.colcon_core.package_identification:_identify(install) by extension 'ignore'
[0.301s] Level 1:colcon.colcon_core.package_identification:_identify(install) ignored
[0.301s] Level 1:colcon.colcon_core.package_identification:_identify(log) by extensions ['ignore', 'ignore_ament_install']
[0.301s] Level 1:colcon.colcon_core.package_identification:_identify(log) by extension 'ignore'
[0.301s] Level 1:colcon.colcon_core.package_identification:_identify(log) ignored
[0.301s] Level 1:colcon.colcon_core.package_identification:_identify(src) by extensions ['ignore', 'ignore_ament_install']
[0.302s] Level 1:colcon.colcon_core.package_identification:_identify(src) by extension 'ignore'
[0.302s] Level 1:colcon.colcon_core.package_identification:_identify(src) by extension 'ignore_ament_install'
[0.302s] Level 1:colcon.colcon_core.package_identification:_identify(src) by extensions ['colcon_pkg']
[0.302s] Level 1:colcon.colcon_core.package_identification:_identify(src) by extension 'colcon_pkg'
[0.302s] Level 1:colcon.colcon_core.package_identification:_identify(src) by extensions ['colcon_meta']
[0.302s] Level 1:colcon.colcon_core.package_identification:_identify(src) by extension 'colcon_meta'
[0.302s] Level 1:colcon.colcon_core.package_identification:_identify(src) by extensions ['ros']
[0.302s] Level 1:colcon.colcon_core.package_identification:_identify(src) by extension 'ros'
[0.302s] Level 1:colcon.colcon_core.package_identification:_identify(src) by extensions ['cmake', 'python']
[0.302s] Level 1:colcon.colcon_core.package_identification:_identify(src) by extension 'cmake'
[0.302s] Level 1:colcon.colcon_core.package_identification:_identify(src) by extension 'python'
[0.302s] Level 1:colcon.colcon_core.package_identification:_identify(src) by extensions ['python_setup_py']
[0.302s] Level 1:colcon.colcon_core.package_identification:_identify(src) by extension 'python_setup_py'
[0.302s] Level 1:colcon.colcon_core.package_identification:_identify(src/my_car_bot) by extensions ['ignore', 'ignore_ament_install']
[0.303s] Level 1:colcon.colcon_core.package_identification:_identify(src/my_car_bot) by extension 'ignore'
[0.303s] Level 1:colcon.colcon_core.package_identification:_identify(src/my_car_bot) by extension 'ignore_ament_install'
[0.303s] Level 1:colcon.colcon_core.package_identification:_identify(src/my_car_bot) by extensions ['colcon_pkg']
[0.303s] Level 1:colcon.colcon_core.package_identification:_identify(src/my_car_bot) by extension 'colcon_pkg'
[0.303s] Level 1:colcon.colcon_core.package_identification:_identify(src/my_car_bot) by extensions ['colcon_meta']
[0.303s] Level 1:colcon.colcon_core.package_identification:_identify(src/my_car_bot) by extension 'colcon_meta'
[0.303s] Level 1:colcon.colcon_core.package_identification:_identify(src/my_car_bot) by extensions ['ros']
[0.303s] Level 1:colcon.colcon_core.package_identification:_identify(src/my_car_bot) by extension 'ros'
[0.306s] DEBUG:colcon.colcon_core.package_identification:Package 'src/my_car_bot' with type 'ros.ament_python' and name 'my_car_bot'
[0.306s] Level 1:colcon.colcon_core.package_discovery:discover_packages(recursive) using defaults
[0.306s] Level 1:colcon.colcon_core.package_discovery:discover_packages(ignore) discover
[0.306s] Level 1:colcon.colcon_core.package_discovery:discover_packages(ignore) using defaults
[0.306s] Level 1:colcon.colcon_core.package_discovery:discover_packages(path) discover
[0.306s] Level 1:colcon.colcon_core.package_discovery:discover_packages(path) using defaults
[0.335s] Level 1:colcon.colcon_core.package_discovery:discover_packages(prefix_path) check parameters
[0.336s] Level 1:colcon.colcon_core.package_discovery:discover_packages(prefix_path) discover
[0.340s] DEBUG:colcon.colcon_installed_package_information.package_discovery:Found 388 installed packages in /opt/ros/jazzy
[0.342s] Level 1:colcon.colcon_core.package_discovery:discover_packages(prefix_path) using defaults
[0.423s] Level 5:colcon.colcon_core.verb:set package 'my_car_bot' build argument 'cmake_args' from command line to 'None'
[0.423s] Level 5:colcon.colcon_core.verb:set package 'my_car_bot' build argument 'cmake_target' from command line to 'None'
[0.423s] Level 5:colcon.colcon_core.verb:set package 'my_car_bot' build argument 'cmake_target_skip_unavailable' from command line to 'False'
[0.423s] Level 5:colcon.colcon_core.verb:set package 'my_car_bot' build argument 'cmake_clean_cache' from command line to 'False'
[0.423s] Level 5:colcon.colcon_core.verb:set package 'my_car_bot' build argument 'cmake_clean_first' from command line to 'False'
[0.423s] Level 5:colcon.colcon_core.verb:set package 'my_car_bot' build argument 'cmake_force_configure' from command line to 'False'
[0.423s] Level 5:colcon.colcon_core.verb:set package 'my_car_bot' build argument 'ament_cmake_args' from command line to 'None'
[0.423s] Level 5:colcon.colcon_core.verb:set package 'my_car_bot' build argument 'catkin_cmake_args' from command line to 'None'
[0.423s] Level 5:colcon.colcon_core.verb:set package 'my_car_bot' build argument 'catkin_skip_building_tests' from command line to 'False'
[0.423s] DEBUG:colcon.colcon_core.verb:Building package 'my_car_bot' with the following arguments: {'ament_cmake_args': None, 'build_base': '/media/a-qassem/01DBC69DA6BBEB20/FCIS/ROB/Robotics-task/my_robot_ws/build/my_car_bot', 'catkin_cmake_args': None, 'catkin_skip_building_tests': False, 'cmake_args': None, 'cmake_clean_cache': False, 'cmake_clean_first': False, 'cmake_force_configure': False, 'cmake_target': None, 'cmake_target_skip_unavailable': False, 'install_base': '/media/a-qassem/01DBC69DA6BBEB20/FCIS/ROB/Robotics-task/my_robot_ws/install/my_car_bot', 'merge_install': False, 'path': '/media/a-qassem/01DBC69DA6BBEB20/FCIS/ROB/Robotics-task/my_robot_ws/src/my_car_bot', 'symlink_install': True, 'test_result_base': None}
[0.424s] INFO:colcon.colcon_core.executor:Executing jobs using 'parallel' executor
[0.424s] DEBUG:colcon.colcon_parallel_executor.executor.parallel:run_until_complete
[0.425s] INFO:colcon.colcon_ros.task.ament_python.build:Building ROS package in '/media/a-qassem/01DBC69DA6BBEB20/FCIS/ROB/Robotics-task/my_robot_ws/src/my_car_bot' with build type 'ament_python'
[0.425s] Level 1:colcon.colcon_core.shell:create_environment_hook('my_car_bot', 'ament_prefix_path')
[0.428s] INFO:colcon.colcon_core.plugin_system:Skipping extension 'colcon_core.shell.bat': Not used on non-Windows systems
[0.428s] INFO:colcon.colcon_core.shell:Creating environment hook '/media/a-qassem/01DBC69DA6BBEB20/FCIS/ROB/Robotics-task/my_robot_ws/install/my_car_bot/share/my_car_bot/hook/ament_prefix_path.ps1'
[0.429s] INFO:colcon.colcon_core.shell:Creating environment descriptor '/media/a-qassem/01DBC69DA6BBEB20/FCIS/ROB/Robotics-task/my_robot_ws/install/my_car_bot/share/my_car_bot/hook/ament_prefix_path.dsv'
[0.430s] INFO:colcon.colcon_core.shell:Creating environment hook '/media/a-qassem/01DBC69DA6BBEB20/FCIS/ROB/Robotics-task/my_robot_ws/install/my_car_bot/share/my_car_bot/hook/ament_prefix_path.sh'
[0.430s] INFO:colcon.colcon_core.shell:Skip shell extension 'powershell' for command environment: Not usable outside of PowerShell
[0.430s] DEBUG:colcon.colcon_core.shell:Skip shell extension 'dsv' for command environment
[1.004s] INFO:colcon.colcon_core.task.python.build:Building Python package in '/media/a-qassem/01DBC69DA6BBEB20/FCIS/ROB/Robotics-task/my_robot_ws/src/my_car_bot'
[1.004s] INFO:colcon.colcon_core.shell:Skip shell extension 'powershell' for command environment: Not usable outside of PowerShell
[1.004s] DEBUG:colcon.colcon_core.shell:Skip shell extension 'dsv' for command environment
[2.165s] DEBUG:colcon.colcon_core.event_handler.log_command:Invoking command in '/media/a-qassem/01DBC69DA6BBEB20/FCIS/ROB/Robotics-task/my_robot_ws/build/my_car_bot': DEBUGINFOD_URLS=https://debuginfod.ubuntu.com PYTHONPATH=/media/a-qassem/01DBC69DA6BBEB20/FCIS/ROB/Robotics-task/my_robot_ws/build/my_car_bot/prefix_override:/usr/lib/python3/dist-packages/colcon_core/task/python/colcon_distutils_commands:/media/a-qassem/01DBC69DA6BBEB20/FCIS/ROB/Robotics-task/my_robot_ws/install/my_car_bot/lib/python3.12/site-packages:${PYTHONPATH} /usr/bin/python3 -W ignore:setup.py install is deprecated -W ignore:easy_install command is deprecated setup.py develop --editable --build-directory /media/a-qassem/01DBC69DA6BBEB20/FCIS/ROB/Robotics-task/my_robot_ws/build/my_car_bot/build --no-deps symlink_data
[3.265s] Level 1:colcon.colcon_core.shell:create_environment_hook('my_car_bot', 'pythonpath_develop')
[3.265s] INFO:colcon.colcon_core.shell:Creating environment hook '/media/a-qassem/01DBC69DA6BBEB20/FCIS/ROB/Robotics-task/my_robot_ws/build/my_car_bot/share/my_car_bot/hook/pythonpath_develop.ps1'
[3.266s] INFO:colcon.colcon_core.shell:Creating environment descriptor '/media/a-qassem/01DBC69DA6BBEB20/FCIS/ROB/Robotics-task/my_robot_ws/build/my_car_bot/share/my_car_bot/hook/pythonpath_develop.dsv'
[3.266s] INFO:colcon.colcon_core.shell:Creating environment hook '/media/a-qassem/01DBC69DA6BBEB20/FCIS/ROB/Robotics-task/my_robot_ws/build/my_car_bot/share/my_car_bot/hook/pythonpath_develop.sh'
[3.268s] DEBUG:colcon.colcon_core.event_handler.log_command:Invoked command in '/media/a-qassem/01DBC69DA6BBEB20/FCIS/ROB/Robotics-task/my_robot_ws/build/my_car_bot' returned '0': DEBUGINFOD_URLS=https://debuginfod.ubuntu.com PYTHONPATH=/media/a-qassem/01DBC69DA6BBEB20/FCIS/ROB/Robotics-task/my_robot_ws/build/my_car_bot/prefix_override:/usr/lib/python3/dist-packages/colcon_core/task/python/colcon_distutils_commands:/media/a-qassem/01DBC69DA6BBEB20/FCIS/ROB/Robotics-task/my_robot_ws/install/my_car_bot/lib/python3.12/site-packages:${PYTHONPATH} /usr/bin/python3 -W ignore:setup.py install is deprecated -W ignore:easy_install command is deprecated setup.py develop --editable --build-directory /media/a-qassem/01DBC69DA6BBEB20/FCIS/ROB/Robotics-task/my_robot_ws/build/my_car_bot/build --no-deps symlink_data
[3.288s] Level 1:colcon.colcon_core.environment:checking '/media/a-qassem/01DBC69DA6BBEB20/FCIS/ROB/Robotics-task/my_robot_ws/install/my_car_bot' for CMake module files
[3.298s] Level 1:colcon.colcon_core.environment:checking '/media/a-qassem/01DBC69DA6BBEB20/FCIS/ROB/Robotics-task/my_robot_ws/install/my_car_bot' for CMake config files
[3.299s] Level 1:colcon.colcon_core.environment:checking '/media/a-qassem/01DBC69DA6BBEB20/FCIS/ROB/Robotics-task/my_robot_ws/install/my_car_bot/lib'
[3.299s] Level 1:colcon.colcon_core.environment:checking '/media/a-qassem/01DBC69DA6BBEB20/FCIS/ROB/Robotics-task/my_robot_ws/install/my_car_bot/bin'
[3.299s] Level 1:colcon.colcon_core.environment:checking '/media/a-qassem/01DBC69DA6BBEB20/FCIS/ROB/Robotics-task/my_robot_ws/install/my_car_bot/lib/pkgconfig/my_car_bot.pc'
[3.300s] Level 1:colcon.colcon_core.environment:checking '/media/a-qassem/01DBC69DA6BBEB20/FCIS/ROB/Robotics-task/my_robot_ws/install/my_car_bot/lib/python3.12/site-packages'
[3.300s] Level 1:colcon.colcon_core.shell:create_environment_hook('my_car_bot', 'pythonpath')
[3.302s] INFO:colcon.colcon_core.shell:Creating environment hook '/media/a-qassem/01DBC69DA6BBEB20/FCIS/ROB/Robotics-task/my_robot_ws/install/my_car_bot/share/my_car_bot/hook/pythonpath.ps1'
[3.302s] INFO:colcon.colcon_core.shell:Creating environment descriptor '/media/a-qassem/01DBC69DA6BBEB20/FCIS/ROB/Robotics-task/my_robot_ws/install/my_car_bot/share/my_car_bot/hook/pythonpath.dsv'
[3.303s] INFO:colcon.colcon_core.shell:Creating environment hook '/media/a-qassem/01DBC69DA6BBEB20/FCIS/ROB/Robotics-task/my_robot_ws/install/my_car_bot/share/my_car_bot/hook/pythonpath.sh'
[3.304s] Level 1:colcon.colcon_core.environment:checking '/media/a-qassem/01DBC69DA6BBEB20/FCIS/ROB/Robotics-task/my_robot_ws/install/my_car_bot/bin'
[3.304s] Level 1:colcon.colcon_core.environment:create_environment_scripts_only(my_car_bot)
[3.304s] INFO:colcon.colcon_core.shell:Creating package script '/media/a-qassem/01DBC69DA6BBEB20/FCIS/ROB/Robotics-task/my_robot_ws/install/my_car_bot/share/my_car_bot/package.ps1'
[3.305s] INFO:colcon.colcon_core.shell:Creating package descriptor '/media/a-qassem/01DBC69DA6BBEB20/FCIS/ROB/Robotics-task/my_robot_ws/install/my_car_bot/share/my_car_bot/package.dsv'
[3.306s] INFO:colcon.colcon_core.shell:Creating package script '/media/a-qassem/01DBC69DA6BBEB20/FCIS/ROB/Robotics-task/my_robot_ws/install/my_car_bot/share/my_car_bot/package.sh'
[3.307s] INFO:colcon.colcon_core.shell:Creating package script '/media/a-qassem/01DBC69DA6BBEB20/FCIS/ROB/Robotics-task/my_robot_ws/install/my_car_bot/share/my_car_bot/package.bash'
[3.308s] INFO:colcon.colcon_core.shell:Creating package script '/media/a-qassem/01DBC69DA6BBEB20/FCIS/ROB/Robotics-task/my_robot_ws/install/my_car_bot/share/my_car_bot/package.zsh'
[3.309s] Level 1:colcon.colcon_core.environment:create_file_with_runtime_dependencies(/media/a-qassem/01DBC69DA6BBEB20/FCIS/ROB/Robotics-task/my_robot_ws/install/my_car_bot/share/colcon-core/packages/my_car_bot)
[3.310s] DEBUG:colcon.colcon_parallel_executor.executor.parallel:closing loop
[3.312s] DEBUG:colcon.colcon_parallel_executor.executor.parallel:loop closed
[3.312s] DEBUG:colcon.colcon_parallel_executor.executor.parallel:run_until_complete finished with '0'
[3.312s] DEBUG:colcon.colcon_core.event_reactor:joining thread
[3.336s] INFO:colcon.colcon_core.plugin_system:Skipping extension 'colcon_notification.desktop_notification.terminal_notifier': Not used on non-Darwin systems
[3.336s] INFO:colcon.colcon_core.plugin_system:Skipping extension 'colcon_notification.desktop_notification.win32': Not used on non-Windows systems
[3.336s] INFO:colcon.colcon_notification.desktop_notification:Sending desktop notification using 'notify2'
[3.355s] DEBUG:colcon.colcon_core.event_reactor:joined thread
[3.355s] INFO:colcon.colcon_core.shell:Creating prefix script '/media/a-qassem/01DBC69DA6BBEB20/FCIS/ROB/Robotics-task/my_robot_ws/install/local_setup.ps1'
[3.356s] INFO:colcon.colcon_core.shell:Creating prefix util module '/media/a-qassem/01DBC69DA6BBEB20/FCIS/ROB/Robotics-task/my_robot_ws/install/_local_setup_util_ps1.py'
[3.357s] INFO:colcon.colcon_core.shell:Creating prefix chain script '/media/a-qassem/01DBC69DA6BBEB20/FCIS/ROB/Robotics-task/my_robot_ws/install/setup.ps1'
[3.359s] INFO:colcon.colcon_core.shell:Creating prefix script '/media/a-qassem/01DBC69DA6BBEB20/FCIS/ROB/Robotics-task/my_robot_ws/install/local_setup.sh'
[3.359s] INFO:colcon.colcon_core.shell:Creating prefix util module '/media/a-qassem/01DBC69DA6BBEB20/FCIS/ROB/Robotics-task/my_robot_ws/install/_local_setup_util_sh.py'
[3.360s] INFO:colcon.colcon_core.shell:Creating prefix chain script '/media/a-qassem/01DBC69DA6BBEB20/FCIS/ROB/Robotics-task/my_robot_ws/install/setup.sh'
[3.362s] INFO:colcon.colcon_core.shell:Creating prefix script '/media/a-qassem/01DBC69DA6BBEB20/FCIS/ROB/Robotics-task/my_robot_ws/install/local_setup.bash'
[3.362s] INFO:colcon.colcon_core.shell:Creating prefix chain script '/media/a-qassem/01DBC69DA6BBEB20/FCIS/ROB/Robotics-task/my_robot_ws/install/setup.bash'
[3.364s] INFO:colcon.colcon_core.shell:Creating prefix script '/media/a-qassem/01DBC69DA6BBEB20/FCIS/ROB/Robotics-task/my_robot_ws/install/local_setup.zsh'
[3.365s] INFO:colcon.colcon_core.shell:Creating prefix chain script '/media/a-qassem/01DBC69DA6BBEB20/FCIS/ROB/Robotics-task/my_robot_ws/install/setup.zsh'
